2024-08-20 14:18:20 INFO  org.springframework.test.context.support.AnnotationConfigContextLoaderUtils - Could not detect default configuration classes for test class [com.KLBproject.KLB_project.KlbProjectApplicationTests]: KlbProjectApplicationTests does not declare any static, non-private, non-final, nested classes annotated with @Configuration.
2024-08-20 14:18:21 INFO  org.springframework.boot.test.context.SpringBootTestContextBootstrapper - Found @SpringBootConfiguration com.KLBproject.KLB_project.KlbProjectApplication for test class com.KLBproject.KLB_project.KlbProjectApplicationTests
2024-08-20 14:18:21 INFO  org.hibernate.validator.internal.util.Version - HV000001: Hibernate Validator 8.0.1.Final
2024-08-20 14:18:21 INFO  com.KLBproject.KLB_project.KlbProjectApplicationTests - Starting KlbProjectApplicationTests using Java 17.0.12 with PID 19580 (started by ADMIN in C:\Users\ADMIN\IdeaProjects\KLB-project\KLB-project)
2024-08-20 14:18:21 INFO  com.KLBproject.KLB_project.KlbProjectApplicationTests - No active profile set, falling back to 1 default profile: "default"
2024-08-20 14:18:22 INFO  org.springframework.data.repository.config.RepositoryConfigurationDelegate - Bootstrapping Spring Data JPA repositories in DEFAULT mode.
2024-08-20 14:18:22 INFO  org.springframework.data.repository.config.RepositoryConfigurationDelegate - Finished Spring Data repository scanning in 109 ms. Found 8 JPA repository interfaces.
2024-08-20 14:18:23 INFO  org.hibernate.jpa.internal.util.LogHelper - HHH000204: Processing PersistenceUnitInfo [name: default]
2024-08-20 14:18:23 INFO  org.hibernate.Version - HHH000412: Hibernate ORM core version 6.5.2.Final
2024-08-20 14:18:23 INFO  org.hibernate.cache.internal.RegionFactoryInitiator - HHH000026: Second-level cache disabled
2024-08-20 14:18:24 INFO  org.springframework.orm.jpa.persistenceunit.SpringPersistenceUnitInfo - No LoadTimeWeaver setup: ignoring JPA class transformer
2024-08-20 14:18:24 INFO  com.zaxxer.hikari.HikariDataSource - HikariPool-1 - Starting...
2024-08-20 14:18:24 INFO  com.zaxxer.hikari.pool.HikariPool - HikariPool-1 - Added connection com.mysql.cj.jdbc.ConnectionImpl@fe13916
2024-08-20 14:18:24 INFO  com.zaxxer.hikari.HikariDataSource - HikariPool-1 - Start completed.
2024-08-20 14:18:24 WARN  org.hibernate.orm.deprecation - HHH90000025: MySQLDialect does not need to be specified explicitly using 'hibernate.dialect' (remove the property setting and it will be selected by default)
2024-08-20 14:18:25 INFO  org.hibernate.engine.transaction.jta.platform.internal.JtaPlatformInitiator - HHH000489: No JTA platform available (set 'hibernate.transaction.jta.platform' to enable JTA platform integration)
2024-08-20 14:18:26 INFO  org.springframework.orm.jpa.LocalContainerEntityManagerFactoryBean - Initialized JPA EntityManagerFactory for persistence unit 'default'
2024-08-20 14:18:26 INFO  org.springframework.security.config.annotation.authentication.configuration.InitializeAuthenticationProviderBeanManagerConfigurer$InitializeAuthenticationProviderManagerConfigurer - Global AuthenticationManager configured with AuthenticationProvider bean with name daoAuthenticationProvider
2024-08-20 14:18:26 WARN  org.springframework.security.config.annotation.authentication.configuration.InitializeUserDetailsBeanManagerConfigurer$InitializeUserDetailsManagerConfigurer - Global AuthenticationManager configured with an AuthenticationProvider bean. UserDetailsService beans will not be used for username/password login. Consider removing the AuthenticationProvider bean. Alternatively, consider using the UserDetailsService in a manually instantiated DaoAuthenticationProvider.
2024-08-20 14:18:27 WARN  org.springframework.boot.autoconfigure.orm.jpa.JpaBaseConfiguration$JpaWebConfiguration - spring.jpa.open-in-view is enabled by default. Therefore, database queries may be performed during view rendering. Explicitly configure spring.jpa.open-in-view to disable this warning
2024-08-20 14:18:28 INFO  com.KLBproject.KLB_project.KlbProjectApplicationTests - Started KlbProjectApplicationTests in 7.159 seconds (process running for 8.954)
2024-08-20 14:18:28 INFO  org.springframework.orm.jpa.LocalContainerEntityManagerFactoryBean - Closing JPA EntityManagerFactory for persistence unit 'default'
2024-08-20 14:18:28 INFO  com.zaxxer.hikari.HikariDataSource - HikariPool-1 - Shutdown initiated...
2024-08-20 14:18:28 INFO  com.zaxxer.hikari.HikariDataSource - HikariPool-1 - Shutdown completed.
2024-08-20 14:34:49 INFO  org.springframework.test.context.support.AnnotationConfigContextLoaderUtils - Could not detect default configuration classes for test class [com.KLBproject.KLB_project.KlbProjectApplicationTests]: KlbProjectApplicationTests does not declare any static, non-private, non-final, nested classes annotated with @Configuration.
2024-08-20 14:34:49 INFO  org.springframework.boot.test.context.SpringBootTestContextBootstrapper - Found @SpringBootConfiguration com.KLBproject.KLB_project.KlbProjectApplication for test class com.KLBproject.KLB_project.KlbProjectApplicationTests
2024-08-20 14:34:50 INFO  org.hibernate.validator.internal.util.Version - HV000001: Hibernate Validator 8.0.1.Final
2024-08-20 14:34:50 INFO  com.KLBproject.KLB_project.KlbProjectApplicationTests - Starting KlbProjectApplicationTests using Java 17.0.12 with PID 8788 (started by ADMIN in C:\Users\ADMIN\IdeaProjects\KLB-project\KLB-project)
2024-08-20 14:34:50 INFO  com.KLBproject.KLB_project.KlbProjectApplicationTests - No active profile set, falling back to 1 default profile: "default"
2024-08-20 14:34:52 INFO  org.springframework.data.repository.config.RepositoryConfigurationDelegate - Bootstrapping Spring Data JPA repositories in DEFAULT mode.
2024-08-20 14:34:52 INFO  org.springframework.data.repository.config.RepositoryConfigurationDelegate - Finished Spring Data repository scanning in 262 ms. Found 8 JPA repository interfaces.
2024-08-20 14:34:53 INFO  org.hibernate.jpa.internal.util.LogHelper - HHH000204: Processing PersistenceUnitInfo [name: default]
2024-08-20 14:34:53 INFO  org.hibernate.Version - HHH000412: Hibernate ORM core version 6.5.2.Final
2024-08-20 14:34:54 INFO  org.hibernate.cache.internal.RegionFactoryInitiator - HHH000026: Second-level cache disabled
2024-08-20 14:34:54 INFO  org.springframework.orm.jpa.persistenceunit.SpringPersistenceUnitInfo - No LoadTimeWeaver setup: ignoring JPA class transformer
2024-08-20 14:34:54 INFO  com.zaxxer.hikari.HikariDataSource - HikariPool-1 - Starting...
2024-08-20 14:34:55 INFO  com.zaxxer.hikari.pool.HikariPool - HikariPool-1 - Added connection com.mysql.cj.jdbc.ConnectionImpl@18b30951
2024-08-20 14:34:55 INFO  com.zaxxer.hikari.HikariDataSource - HikariPool-1 - Start completed.
2024-08-20 14:34:55 WARN  org.hibernate.orm.deprecation - HHH90000025: MySQLDialect does not need to be specified explicitly using 'hibernate.dialect' (remove the property setting and it will be selected by default)
2024-08-20 14:34:57 INFO  org.hibernate.engine.transaction.jta.platform.internal.JtaPlatformInitiator - HHH000489: No JTA platform available (set 'hibernate.transaction.jta.platform' to enable JTA platform integration)
2024-08-20 14:34:57 INFO  org.springframework.orm.jpa.LocalContainerEntityManagerFactoryBean - Initialized JPA EntityManagerFactory for persistence unit 'default'
2024-08-20 14:34:57 INFO  org.springframework.security.config.annotation.authentication.configuration.InitializeAuthenticationProviderBeanManagerConfigurer$InitializeAuthenticationProviderManagerConfigurer - Global AuthenticationManager configured with AuthenticationProvider bean with name daoAuthenticationProvider
2024-08-20 14:34:57 WARN  org.springframework.security.config.annotation.authentication.configuration.InitializeUserDetailsBeanManagerConfigurer$InitializeUserDetailsManagerConfigurer - Global AuthenticationManager configured with an AuthenticationProvider bean. UserDetailsService beans will not be used for username/password login. Consider removing the AuthenticationProvider bean. Alternatively, consider using the UserDetailsService in a manually instantiated DaoAuthenticationProvider.
2024-08-20 14:34:58 WARN  org.springframework.boot.autoconfigure.orm.jpa.JpaBaseConfiguration$JpaWebConfiguration - spring.jpa.open-in-view is enabled by default. Therefore, database queries may be performed during view rendering. Explicitly configure spring.jpa.open-in-view to disable this warning
2024-08-20 14:35:00 INFO  com.KLBproject.KLB_project.KlbProjectApplicationTests - Started KlbProjectApplicationTests in 10.323 seconds (process running for 12.386)
2024-08-20 14:35:02 INFO  org.springframework.orm.jpa.LocalContainerEntityManagerFactoryBean - Closing JPA EntityManagerFactory for persistence unit 'default'
2024-08-20 14:35:02 INFO  com.zaxxer.hikari.HikariDataSource - HikariPool-1 - Shutdown initiated...
2024-08-20 14:35:02 INFO  com.zaxxer.hikari.HikariDataSource - HikariPool-1 - Shutdown completed.
2024-08-20 16:38:48 INFO  org.springframework.test.context.support.AnnotationConfigContextLoaderUtils - Could not detect default configuration classes for test class [com.KLBproject.KLB_project.KlbProjectApplicationTests]: KlbProjectApplicationTests does not declare any static, non-private, non-final, nested classes annotated with @Configuration.
2024-08-20 16:38:48 INFO  org.springframework.boot.test.context.SpringBootTestContextBootstrapper - Found @SpringBootConfiguration com.KLBproject.KLB_project.KlbProjectApplication for test class com.KLBproject.KLB_project.KlbProjectApplicationTests
2024-08-20 16:38:48 INFO  org.hibernate.validator.internal.util.Version - HV000001: Hibernate Validator 8.0.1.Final
2024-08-20 16:38:48 INFO  com.KLBproject.KLB_project.KlbProjectApplicationTests - Starting KlbProjectApplicationTests using Java 17.0.12 with PID 21560 (started by ADMIN in C:\Users\ADMIN\IdeaProjects\KLB-project\KLB-project)
2024-08-20 16:38:48 INFO  com.KLBproject.KLB_project.KlbProjectApplicationTests - No active profile set, falling back to 1 default profile: "default"
2024-08-20 16:38:50 INFO  org.springframework.data.repository.config.RepositoryConfigurationDelegate - Bootstrapping Spring Data JPA repositories in DEFAULT mode.
2024-08-20 16:38:50 INFO  org.springframework.data.repository.config.RepositoryConfigurationDelegate - Finished Spring Data repository scanning in 126 ms. Found 8 JPA repository interfaces.
2024-08-20 16:38:51 INFO  org.hibernate.jpa.internal.util.LogHelper - HHH000204: Processing PersistenceUnitInfo [name: default]
2024-08-20 16:38:51 INFO  org.hibernate.Version - HHH000412: Hibernate ORM core version 6.5.2.Final
2024-08-20 16:38:51 INFO  org.hibernate.cache.internal.RegionFactoryInitiator - HHH000026: Second-level cache disabled
2024-08-20 16:38:52 INFO  org.springframework.orm.jpa.persistenceunit.SpringPersistenceUnitInfo - No LoadTimeWeaver setup: ignoring JPA class transformer
2024-08-20 16:38:52 INFO  com.zaxxer.hikari.HikariDataSource - HikariPool-1 - Starting...
2024-08-20 16:38:52 INFO  com.zaxxer.hikari.pool.HikariPool - HikariPool-1 - Added connection com.mysql.cj.jdbc.ConnectionImpl@6f2a3b37
2024-08-20 16:38:52 INFO  com.zaxxer.hikari.HikariDataSource - HikariPool-1 - Start completed.
2024-08-20 16:38:52 WARN  org.hibernate.orm.deprecation - HHH90000025: MySQLDialect does not need to be specified explicitly using 'hibernate.dialect' (remove the property setting and it will be selected by default)
2024-08-20 16:38:54 INFO  org.hibernate.engine.transaction.jta.platform.internal.JtaPlatformInitiator - HHH000489: No JTA platform available (set 'hibernate.transaction.jta.platform' to enable JTA platform integration)
2024-08-20 16:38:55 INFO  org.springframework.orm.jpa.LocalContainerEntityManagerFactoryBean - Initialized JPA EntityManagerFactory for persistence unit 'default'
2024-08-20 16:38:55 INFO  org.springframework.security.config.annotation.authentication.configuration.InitializeAuthenticationProviderBeanManagerConfigurer$InitializeAuthenticationProviderManagerConfigurer - Global AuthenticationManager configured with AuthenticationProvider bean with name daoAuthenticationProvider
2024-08-20 16:38:55 WARN  org.springframework.security.config.annotation.authentication.configuration.InitializeUserDetailsBeanManagerConfigurer$InitializeUserDetailsManagerConfigurer - Global AuthenticationManager configured with an AuthenticationProvider bean. UserDetailsService beans will not be used for username/password login. Consider removing the AuthenticationProvider bean. Alternatively, consider using the UserDetailsService in a manually instantiated DaoAuthenticationProvider.
2024-08-20 16:38:56 WARN  org.springframework.boot.autoconfigure.orm.jpa.JpaBaseConfiguration$JpaWebConfiguration - spring.jpa.open-in-view is enabled by default. Therefore, database queries may be performed during view rendering. Explicitly configure spring.jpa.open-in-view to disable this warning
2024-08-20 16:38:57 INFO  com.KLBproject.KLB_project.KlbProjectApplicationTests - Started KlbProjectApplicationTests in 8.688 seconds (process running for 10.782)
2024-08-20 16:38:58 INFO  org.springframework.orm.jpa.LocalContainerEntityManagerFactoryBean - Closing JPA EntityManagerFactory for persistence unit 'default'
2024-08-20 16:38:58 INFO  com.zaxxer.hikari.HikariDataSource - HikariPool-1 - Shutdown initiated...
2024-08-20 16:38:58 INFO  com.zaxxer.hikari.HikariDataSource - HikariPool-1 - Shutdown completed.
2024-08-20 17:14:41 INFO  org.springframework.test.context.support.AnnotationConfigContextLoaderUtils - Could not detect default configuration classes for test class [com.KLBproject.KLB_project.KlbProjectApplicationTests]: KlbProjectApplicationTests does not declare any static, non-private, non-final, nested classes annotated with @Configuration.
2024-08-20 17:14:41 INFO  org.springframework.boot.test.context.SpringBootTestContextBootstrapper - Found @SpringBootConfiguration com.KLBproject.KLB_project.KlbProjectApplication for test class com.KLBproject.KLB_project.KlbProjectApplicationTests
2024-08-20 17:14:42 INFO  org.hibernate.validator.internal.util.Version - HV000001: Hibernate Validator 8.0.1.Final
2024-08-20 17:14:42 INFO  com.KLBproject.KLB_project.KlbProjectApplicationTests - Starting KlbProjectApplicationTests using Java 17.0.12 with PID 15112 (started by ADMIN in C:\Users\ADMIN\IdeaProjects\KLB-project\KLB-project)
2024-08-20 17:14:42 INFO  com.KLBproject.KLB_project.KlbProjectApplicationTests - No active profile set, falling back to 1 default profile: "default"
2024-08-20 17:14:43 INFO  org.springframework.data.repository.config.RepositoryConfigurationDelegate - Bootstrapping Spring Data JPA repositories in DEFAULT mode.
2024-08-20 17:14:43 INFO  org.springframework.data.repository.config.RepositoryConfigurationDelegate - Finished Spring Data repository scanning in 137 ms. Found 8 JPA repository interfaces.
2024-08-20 17:14:45 INFO  org.hibernate.jpa.internal.util.LogHelper - HHH000204: Processing PersistenceUnitInfo [name: default]
2024-08-20 17:14:45 INFO  org.hibernate.Version - HHH000412: Hibernate ORM core version 6.5.2.Final
2024-08-20 17:14:45 INFO  org.hibernate.cache.internal.RegionFactoryInitiator - HHH000026: Second-level cache disabled
2024-08-20 17:14:45 INFO  org.springframework.orm.jpa.persistenceunit.SpringPersistenceUnitInfo - No LoadTimeWeaver setup: ignoring JPA class transformer
2024-08-20 17:14:45 INFO  com.zaxxer.hikari.HikariDataSource - HikariPool-1 - Starting...
2024-08-20 17:14:46 INFO  com.zaxxer.hikari.pool.HikariPool - HikariPool-1 - Added connection com.mysql.cj.jdbc.ConnectionImpl@6f2a3b37
2024-08-20 17:14:46 INFO  com.zaxxer.hikari.HikariDataSource - HikariPool-1 - Start completed.
2024-08-20 17:14:46 WARN  org.hibernate.orm.deprecation - HHH90000025: MySQLDialect does not need to be specified explicitly using 'hibernate.dialect' (remove the property setting and it will be selected by default)
2024-08-20 17:14:47 INFO  org.hibernate.engine.transaction.jta.platform.internal.JtaPlatformInitiator - HHH000489: No JTA platform available (set 'hibernate.transaction.jta.platform' to enable JTA platform integration)
2024-08-20 17:14:47 INFO  org.springframework.orm.jpa.LocalContainerEntityManagerFactoryBean - Initialized JPA EntityManagerFactory for persistence unit 'default'
2024-08-20 17:14:48 INFO  org.springframework.security.config.annotation.authentication.configuration.InitializeAuthenticationProviderBeanManagerConfigurer$InitializeAuthenticationProviderManagerConfigurer - Global AuthenticationManager configured with AuthenticationProvider bean with name daoAuthenticationProvider
2024-08-20 17:14:48 WARN  org.springframework.security.config.annotation.authentication.configuration.InitializeUserDetailsBeanManagerConfigurer$InitializeUserDetailsManagerConfigurer - Global AuthenticationManager configured with an AuthenticationProvider bean. UserDetailsService beans will not be used for username/password login. Consider removing the AuthenticationProvider bean. Alternatively, consider using the UserDetailsService in a manually instantiated DaoAuthenticationProvider.
2024-08-20 17:14:49 WARN  org.springframework.boot.autoconfigure.orm.jpa.JpaBaseConfiguration$JpaWebConfiguration - spring.jpa.open-in-view is enabled by default. Therefore, database queries may be performed during view rendering. Explicitly configure spring.jpa.open-in-view to disable this warning
2024-08-20 17:14:51 INFO  com.KLBproject.KLB_project.KlbProjectApplicationTests - Started KlbProjectApplicationTests in 9.324 seconds (process running for 11.205)
2024-08-20 17:14:51 INFO  org.springframework.orm.jpa.LocalContainerEntityManagerFactoryBean - Closing JPA EntityManagerFactory for persistence unit 'default'
2024-08-20 17:14:51 INFO  com.zaxxer.hikari.HikariDataSource - HikariPool-1 - Shutdown initiated...
2024-08-20 17:14:51 INFO  com.zaxxer.hikari.HikariDataSource - HikariPool-1 - Shutdown completed.
